########### array before sorts ###########
0	10.160000	25.400000	100.000000	25.400000	n
1	100.000000	25.400000	100.000000	80.000000	n
2	100.000000	80.000000	10.160000	80.000000	n
3	10.160000	80.000000	10.160000	25.400000	n
Tolerance=0.050000.
*Exact match for i=0 and j=1.
*i point 10.160000	25.400000	100.000000	25.400000	y
*Exact match for i=1 and j=2.
*i point 100.000000	25.400000	100.000000	80.000000	y
*Exact match for i=2 and j=3.
*i point 100.000000	80.000000	10.160000	80.000000	y
########### array after sorts ###########
0	10.160000	25.400000	100.000000	25.400000	y
1	100.000000	25.400000	100.000000	80.000000	y
2	100.000000	80.000000	10.160000	80.000000	y
3	10.160000	80.000000	10.160000	25.400000	y
***************
.BOARD_OUTLINE UNOWNED
1.6
0     10.160000     25.400000     0
0     100.000000     25.400000     0
0     100.000000     80.000000     0
0     10.160000     80.000000     0
0     10.160000     25.400000     0
